have_func: checking for rb_absint_size()... -------------------- yes

"gcc -o conftest -I/home/agus/.rbenv/versions/2.5.3/include/ruby-2.5.0/x86_64-linux -I/home/agus/.rbenv/versions/2.5.3/include/ruby-2.5.0/ruby/backward -I/home/agus/.rbenv/versions/2.5.3/include/ruby-2.5.0 -I.    -O3 -ggdb3 -Wall -Wextra -Wno-unused-parameter -Wno-parentheses -Wno-long-long -Wno-missing-field-initializers -Wno-tautological-compare -Wno-parentheses-equality -Wno-constant-logical-operand -Wno-self-assign -Wunused-variable -Wimplicit-int -Wpointer-arith -Wwrite-strings -Wdeclaration-after-statement -Wimplicit-function-declaration -Wdeprecated-declarations -Wmisleading-indentation -Wno-packed-bitfield-compat -Wsuggest-attribute=noreturn -Wsuggest-attribute=format -Wimplicit-fallthrough=0 -Wduplicated-cond -Wrestrict  -fPIC conftest.c  -L. -L/home/agus/.rbenv/versions/2.5.3/lib -Wl,-rpath,/home/agus/.rbenv/versions/2.5.3/lib -L. -fstack-protector -rdynamic -Wl,-export-dynamic     -Wl,-rpath,/home/agus/.rbenv/versions/2.5.3/lib -L/home/agus/.rbenv/versions/2.5.3/lib -lruby  -lpthread -ldl -lcrypt -lm   -lc"
checked program was:
/* begin */
1: #include "ruby.h"
2: 
3: int main(int argc, char **argv)
4: {
5:   return 0;
6: }
/* end */

"gcc -o conftest -I/home/agus/.rbenv/versions/2.5.3/include/ruby-2.5.0/x86_64-linux -I/home/agus/.rbenv/versions/2.5.3/include/ruby-2.5.0/ruby/backward -I/home/agus/.rbenv/versions/2.5.3/include/ruby-2.5.0 -I.    -O3 -ggdb3 -Wall -Wextra -Wno-unused-parameter -Wno-parentheses -Wno-long-long -Wno-missing-field-initializers -Wno-tautological-compare -Wno-parentheses-equality -Wno-constant-logical-operand -Wno-self-assign -Wunused-variable -Wimplicit-int -Wpointer-arith -Wwrite-strings -Wdeclaration-after-statement -Wimplicit-function-declaration -Wdeprecated-declarations -Wmisleading-indentation -Wno-packed-bitfield-compat -Wsuggest-attribute=noreturn -Wsuggest-attribute=format -Wimplicit-fallthrough=0 -Wduplicated-cond -Wrestrict  -fPIC conftest.c  -L. -L/home/agus/.rbenv/versions/2.5.3/lib -Wl,-rpath,/home/agus/.rbenv/versions/2.5.3/lib -L. -fstack-protector -rdynamic -Wl,-export-dynamic     -Wl,-rpath,/home/agus/.rbenv/versions/2.5.3/lib -L/home/agus/.rbenv/versions/2.5.3/lib -lruby  -lpthread -ldl -lcrypt -lm   -lc"
conftest.c: In function ‘t’:
conftest.c:13:43: warning: cast between incompatible function types from ‘size_t (*)(VALUE,  int *)’ {aka ‘long unsigned int (*)(long unsigned int,  int *)’} to ‘void (*)()’ [-Wcast-function-type]
   13 | int t(void) { void ((*volatile p)()); p = (void ((*)()))rb_absint_size; return !p; }
      |                                           ^
At top level:
cc1: note: unrecognized command-line option ‘-Wno-self-assign’ may have been intended to silence earlier diagnostics
cc1: note: unrecognized command-line option ‘-Wno-constant-logical-operand’ may have been intended to silence earlier diagnostics
cc1: note: unrecognized command-line option ‘-Wno-parentheses-equality’ may have been intended to silence earlier diagnostics
checked program was:
/* begin */
 1: #include "ruby.h"
 2: 
 3: /*top*/
 4: extern int t(void);
 5: int main(int argc, char **argv)
 6: {
 7:   if (argc > 1000000) {
 8:     printf("%p", &t);
 9:   }
10: 
11:   return 0;
12: }
13: int t(void) { void ((*volatile p)()); p = (void ((*)()))rb_absint_size; return !p; }
/* end */

--------------------

have_func: checking for rb_absint_singlebit_p()... -------------------- yes

"gcc -o conftest -I/home/agus/.rbenv/versions/2.5.3/include/ruby-2.5.0/x86_64-linux -I/home/agus/.rbenv/versions/2.5.3/include/ruby-2.5.0/ruby/backward -I/home/agus/.rbenv/versions/2.5.3/include/ruby-2.5.0 -I.    -O3 -ggdb3 -Wall -Wextra -Wno-unused-parameter -Wno-parentheses -Wno-long-long -Wno-missing-field-initializers -Wno-tautological-compare -Wno-parentheses-equality -Wno-constant-logical-operand -Wno-self-assign -Wunused-variable -Wimplicit-int -Wpointer-arith -Wwrite-strings -Wdeclaration-after-statement -Wimplicit-function-declaration -Wdeprecated-declarations -Wmisleading-indentation -Wno-packed-bitfield-compat -Wsuggest-attribute=noreturn -Wsuggest-attribute=format -Wimplicit-fallthrough=0 -Wduplicated-cond -Wrestrict  -fPIC conftest.c  -L. -L/home/agus/.rbenv/versions/2.5.3/lib -Wl,-rpath,/home/agus/.rbenv/versions/2.5.3/lib -L. -fstack-protector -rdynamic -Wl,-export-dynamic     -Wl,-rpath,/home/agus/.rbenv/versions/2.5.3/lib -L/home/agus/.rbenv/versions/2.5.3/lib -lruby  -lpthread -ldl -lcrypt -lm   -lc"
conftest.c: In function ‘t’:
conftest.c:13:43: warning: cast between incompatible function types from ‘int (*)(VALUE)’ {aka ‘int (*)(long unsigned int)’} to ‘void (*)()’ [-Wcast-function-type]
   13 | int t(void) { void ((*volatile p)()); p = (void ((*)()))rb_absint_singlebit_p; return !p; }
      |                                           ^
At top level:
cc1: note: unrecognized command-line option ‘-Wno-self-assign’ may have been intended to silence earlier diagnostics
cc1: note: unrecognized command-line option ‘-Wno-constant-logical-operand’ may have been intended to silence earlier diagnostics
cc1: note: unrecognized command-line option ‘-Wno-parentheses-equality’ may have been intended to silence earlier diagnostics
checked program was:
/* begin */
 1: #include "ruby.h"
 2: 
 3: /*top*/
 4: extern int t(void);
 5: int main(int argc, char **argv)
 6: {
 7:   if (argc > 1000000) {
 8:     printf("%p", &t);
 9:   }
10: 
11:   return 0;
12: }
13: int t(void) { void ((*volatile p)()); p = (void ((*)()))rb_absint_singlebit_p; return !p; }
/* end */

--------------------

have_func: checking for rb_gc_mark_movable()... -------------------- no

"gcc -o conftest -I/home/agus/.rbenv/versions/2.5.3/include/ruby-2.5.0/x86_64-linux -I/home/agus/.rbenv/versions/2.5.3/include/ruby-2.5.0/ruby/backward -I/home/agus/.rbenv/versions/2.5.3/include/ruby-2.5.0 -I.    -O3 -ggdb3 -Wall -Wextra -Wno-unused-parameter -Wno-parentheses -Wno-long-long -Wno-missing-field-initializers -Wno-tautological-compare -Wno-parentheses-equality -Wno-constant-logical-operand -Wno-self-assign -Wunused-variable -Wimplicit-int -Wpointer-arith -Wwrite-strings -Wdeclaration-after-statement -Wimplicit-function-declaration -Wdeprecated-declarations -Wmisleading-indentation -Wno-packed-bitfield-compat -Wsuggest-attribute=noreturn -Wsuggest-attribute=format -Wimplicit-fallthrough=0 -Wduplicated-cond -Wrestrict  -fPIC conftest.c  -L. -L/home/agus/.rbenv/versions/2.5.3/lib -Wl,-rpath,/home/agus/.rbenv/versions/2.5.3/lib -L. -fstack-protector -rdynamic -Wl,-export-dynamic     -Wl,-rpath,/home/agus/.rbenv/versions/2.5.3/lib -L/home/agus/.rbenv/versions/2.5.3/lib -lruby  -lpthread -ldl -lcrypt -lm   -lc"
conftest.c: In function ‘t’:
conftest.c:13:57: error: ‘rb_gc_mark_movable’ undeclared (first use in this function); did you mean ‘rb_gc_mark_maybe’?
   13 | int t(void) { void ((*volatile p)()); p = (void ((*)()))rb_gc_mark_movable; return !p; }
      |                                                         ^~~~~~~~~~~~~~~~~~
      |                                                         rb_gc_mark_maybe
conftest.c:13:57: note: each undeclared identifier is reported only once for each function it appears in
At top level:
cc1: note: unrecognized command-line option ‘-Wno-self-assign’ may have been intended to silence earlier diagnostics
cc1: note: unrecognized command-line option ‘-Wno-constant-logical-operand’ may have been intended to silence earlier diagnostics
cc1: note: unrecognized command-line option ‘-Wno-parentheses-equality’ may have been intended to silence earlier diagnostics
checked program was:
/* begin */
 1: #include "ruby.h"
 2: 
 3: /*top*/
 4: extern int t(void);
 5: int main(int argc, char **argv)
 6: {
 7:   if (argc > 1000000) {
 8:     printf("%p", &t);
 9:   }
10: 
11:   return 0;
12: }
13: int t(void) { void ((*volatile p)()); p = (void ((*)()))rb_gc_mark_movable; return !p; }
/* end */

"gcc -o conftest -I/home/agus/.rbenv/versions/2.5.3/include/ruby-2.5.0/x86_64-linux -I/home/agus/.rbenv/versions/2.5.3/include/ruby-2.5.0/ruby/backward -I/home/agus/.rbenv/versions/2.5.3/include/ruby-2.5.0 -I.    -O3 -ggdb3 -Wall -Wextra -Wno-unused-parameter -Wno-parentheses -Wno-long-long -Wno-missing-field-initializers -Wno-tautological-compare -Wno-parentheses-equality -Wno-constant-logical-operand -Wno-self-assign -Wunused-variable -Wimplicit-int -Wpointer-arith -Wwrite-strings -Wdeclaration-after-statement -Wimplicit-function-declaration -Wdeprecated-declarations -Wmisleading-indentation -Wno-packed-bitfield-compat -Wsuggest-attribute=noreturn -Wsuggest-attribute=format -Wimplicit-fallthrough=0 -Wduplicated-cond -Wrestrict  -fPIC conftest.c  -L. -L/home/agus/.rbenv/versions/2.5.3/lib -Wl,-rpath,/home/agus/.rbenv/versions/2.5.3/lib -L. -fstack-protector -rdynamic -Wl,-export-dynamic     -Wl,-rpath,/home/agus/.rbenv/versions/2.5.3/lib -L/home/agus/.rbenv/versions/2.5.3/lib -lruby  -lpthread -ldl -lcrypt -lm   -lc"
/usr/bin/ld: /tmp/ccl0qI92.o: en la función `t':
/home/agus/Documentos/redmine4-master-basegp2/redmine4-master/vendor/bundle/ruby/2.5.0/gems/mysql2-0.5.6/ext/mysql2/conftest.c:14:(.text+0xb): undefined reference to `rb_gc_mark_movable'
collect2: error: ld returned 1 exit status
checked program was:
/* begin */
 1: #include "ruby.h"
 2: 
 3: /*top*/
 4: extern int t(void);
 5: int main(int argc, char **argv)
 6: {
 7:   if (argc > 1000000) {
 8:     printf("%p", &t);
 9:   }
10: 
11:   return 0;
12: }
13: extern void rb_gc_mark_movable();
14: int t(void) { rb_gc_mark_movable(); return 0; }
/* end */

--------------------

have_func: checking for rb_wait_for_single_fd()... -------------------- yes

"gcc -o conftest -I/home/agus/.rbenv/versions/2.5.3/include/ruby-2.5.0/x86_64-linux -I/home/agus/.rbenv/versions/2.5.3/include/ruby-2.5.0/ruby/backward -I/home/agus/.rbenv/versions/2.5.3/include/ruby-2.5.0 -I.    -O3 -ggdb3 -Wall -Wextra -Wno-unused-parameter -Wno-parentheses -Wno-long-long -Wno-missing-field-initializers -Wno-tautological-compare -Wno-parentheses-equality -Wno-constant-logical-operand -Wno-self-assign -Wunused-variable -Wimplicit-int -Wpointer-arith -Wwrite-strings -Wdeclaration-after-statement -Wimplicit-function-declaration -Wdeprecated-declarations -Wmisleading-indentation -Wno-packed-bitfield-compat -Wsuggest-attribute=noreturn -Wsuggest-attribute=format -Wimplicit-fallthrough=0 -Wduplicated-cond -Wrestrict  -fPIC conftest.c  -L. -L/home/agus/.rbenv/versions/2.5.3/lib -Wl,-rpath,/home/agus/.rbenv/versions/2.5.3/lib -L. -fstack-protector -rdynamic -Wl,-export-dynamic     -Wl,-rpath,/home/agus/.rbenv/versions/2.5.3/lib -L/home/agus/.rbenv/versions/2.5.3/lib -lruby  -lpthread -ldl -lcrypt -lm   -lc"
conftest.c: In function ‘t’:
conftest.c:13:57: error: ‘rb_wait_for_single_fd’ undeclared (first use in this function)
   13 | int t(void) { void ((*volatile p)()); p = (void ((*)()))rb_wait_for_single_fd; return !p; }
      |                                                         ^~~~~~~~~~~~~~~~~~~~~
conftest.c:13:57: note: each undeclared identifier is reported only once for each function it appears in
At top level:
cc1: note: unrecognized command-line option ‘-Wno-self-assign’ may have been intended to silence earlier diagnostics
cc1: note: unrecognized command-line option ‘-Wno-constant-logical-operand’ may have been intended to silence earlier diagnostics
cc1: note: unrecognized command-line option ‘-Wno-parentheses-equality’ may have been intended to silence earlier diagnostics
checked program was:
/* begin */
 1: #include "ruby.h"
 2: 
 3: /*top*/
 4: extern int t(void);
 5: int main(int argc, char **argv)
 6: {
 7:   if (argc > 1000000) {
 8:     printf("%p", &t);
 9:   }
10: 
11:   return 0;
12: }
13: int t(void) { void ((*volatile p)()); p = (void ((*)()))rb_wait_for_single_fd; return !p; }
/* end */

"gcc -o conftest -I/home/agus/.rbenv/versions/2.5.3/include/ruby-2.5.0/x86_64-linux -I/home/agus/.rbenv/versions/2.5.3/include/ruby-2.5.0/ruby/backward -I/home/agus/.rbenv/versions/2.5.3/include/ruby-2.5.0 -I.    -O3 -ggdb3 -Wall -Wextra -Wno-unused-parameter -Wno-parentheses -Wno-long-long -Wno-missing-field-initializers -Wno-tautological-compare -Wno-parentheses-equality -Wno-constant-logical-operand -Wno-self-assign -Wunused-variable -Wimplicit-int -Wpointer-arith -Wwrite-strings -Wdeclaration-after-statement -Wimplicit-function-declaration -Wdeprecated-declarations -Wmisleading-indentation -Wno-packed-bitfield-compat -Wsuggest-attribute=noreturn -Wsuggest-attribute=format -Wimplicit-fallthrough=0 -Wduplicated-cond -Wrestrict  -fPIC conftest.c  -L. -L/home/agus/.rbenv/versions/2.5.3/lib -Wl,-rpath,/home/agus/.rbenv/versions/2.5.3/lib -L. -fstack-protector -rdynamic -Wl,-export-dynamic     -Wl,-rpath,/home/agus/.rbenv/versions/2.5.3/lib -L/home/agus/.rbenv/versions/2.5.3/lib -lruby  -lpthread -ldl -lcrypt -lm   -lc"
checked program was:
/* begin */
 1: #include "ruby.h"
 2: 
 3: /*top*/
 4: extern int t(void);
 5: int main(int argc, char **argv)
 6: {
 7:   if (argc > 1000000) {
 8:     printf("%p", &t);
 9:   }
10: 
11:   return 0;
12: }
13: extern void rb_wait_for_single_fd();
14: int t(void) { rb_wait_for_single_fd(); return 0; }
/* end */

--------------------

have_func: checking for rb_enc_interned_str() in ruby.h... -------------------- no

"gcc -o conftest -I/home/agus/.rbenv/versions/2.5.3/include/ruby-2.5.0/x86_64-linux -I/home/agus/.rbenv/versions/2.5.3/include/ruby-2.5.0/ruby/backward -I/home/agus/.rbenv/versions/2.5.3/include/ruby-2.5.0 -I.    -O3 -ggdb3 -Wall -Wextra -Wno-unused-parameter -Wno-parentheses -Wno-long-long -Wno-missing-field-initializers -Wno-tautological-compare -Wno-parentheses-equality -Wno-constant-logical-operand -Wno-self-assign -Wunused-variable -Wimplicit-int -Wpointer-arith -Wwrite-strings -Wdeclaration-after-statement -Wimplicit-function-declaration -Wdeprecated-declarations -Wmisleading-indentation -Wno-packed-bitfield-compat -Wsuggest-attribute=noreturn -Wsuggest-attribute=format -Wimplicit-fallthrough=0 -Wduplicated-cond -Wrestrict  -fPIC conftest.c  -L. -L/home/agus/.rbenv/versions/2.5.3/lib -Wl,-rpath,/home/agus/.rbenv/versions/2.5.3/lib -L. -fstack-protector -rdynamic -Wl,-export-dynamic     -Wl,-rpath,/home/agus/.rbenv/versions/2.5.3/lib -L/home/agus/.rbenv/versions/2.5.3/lib -lruby  -lpthread -ldl -lcrypt -lm   -lc"
conftest.c: In function ‘t’:
conftest.c:15:57: error: ‘rb_enc_interned_str’ undeclared (first use in this function); did you mean ‘rb_sym_interned_p’?
   15 | int t(void) { void ((*volatile p)()); p = (void ((*)()))rb_enc_interned_str; return !p; }
      |                                                         ^~~~~~~~~~~~~~~~~~~
      |                                                         rb_sym_interned_p
conftest.c:15:57: note: each undeclared identifier is reported only once for each function it appears in
At top level:
cc1: note: unrecognized command-line option ‘-Wno-self-assign’ may have been intended to silence earlier diagnostics
cc1: note: unrecognized command-line option ‘-Wno-constant-logical-operand’ may have been intended to silence earlier diagnostics
cc1: note: unrecognized command-line option ‘-Wno-parentheses-equality’ may have been intended to silence earlier diagnostics
checked program was:
/* begin */
 1: #include "ruby.h"
 2: 
 3: #include <ruby.h>
 4: 
 5: /*top*/
 6: extern int t(void);
 7: int main(int argc, char **argv)
 8: {
 9:   if (argc > 1000000) {
10:     printf("%p", &t);
11:   }
12: 
13:   return 0;
14: }
15: int t(void) { void ((*volatile p)()); p = (void ((*)()))rb_enc_interned_str; return !p; }
/* end */

"gcc -o conftest -I/home/agus/.rbenv/versions/2.5.3/include/ruby-2.5.0/x86_64-linux -I/home/agus/.rbenv/versions/2.5.3/include/ruby-2.5.0/ruby/backward -I/home/agus/.rbenv/versions/2.5.3/include/ruby-2.5.0 -I.    -O3 -ggdb3 -Wall -Wextra -Wno-unused-parameter -Wno-parentheses -Wno-long-long -Wno-missing-field-initializers -Wno-tautological-compare -Wno-parentheses-equality -Wno-constant-logical-operand -Wno-self-assign -Wunused-variable -Wimplicit-int -Wpointer-arith -Wwrite-strings -Wdeclaration-after-statement -Wimplicit-function-declaration -Wdeprecated-declarations -Wmisleading-indentation -Wno-packed-bitfield-compat -Wsuggest-attribute=noreturn -Wsuggest-attribute=format -Wimplicit-fallthrough=0 -Wduplicated-cond -Wrestrict  -fPIC conftest.c  -L. -L/home/agus/.rbenv/versions/2.5.3/lib -Wl,-rpath,/home/agus/.rbenv/versions/2.5.3/lib -L. -fstack-protector -rdynamic -Wl,-export-dynamic     -Wl,-rpath,/home/agus/.rbenv/versions/2.5.3/lib -L/home/agus/.rbenv/versions/2.5.3/lib -lruby  -lpthread -ldl -lcrypt -lm   -lc"
/usr/bin/ld: /tmp/cchFeJhN.o: en la función `t':
/home/agus/Documentos/redmine4-master-basegp2/redmine4-master/vendor/bundle/ruby/2.5.0/gems/mysql2-0.5.6/ext/mysql2/conftest.c:16:(.text+0xb): undefined reference to `rb_enc_interned_str'
collect2: error: ld returned 1 exit status
checked program was:
/* begin */
 1: #include "ruby.h"
 2: 
 3: #include <ruby.h>
 4: 
 5: /*top*/
 6: extern int t(void);
 7: int main(int argc, char **argv)
 8: {
 9:   if (argc > 1000000) {
10:     printf("%p", &t);
11:   }
12: 
13:   return 0;
14: }
15: extern void rb_enc_interned_str();
16: int t(void) { rb_enc_interned_str(); return 0; }
/* end */

--------------------

have_header: checking for mysql.h... -------------------- yes

"gcc -E -I/home/agus/.rbenv/versions/2.5.3/include/ruby-2.5.0/x86_64-linux -I/home/agus/.rbenv/versions/2.5.3/include/ruby-2.5.0/ruby/backward -I/home/agus/.rbenv/versions/2.5.3/include/ruby-2.5.0 -I. -I/usr/include/mysql -I/home/agus/.rbenv/versions/2.5.3/openssl/include    -O3 -ggdb3 -Wall -Wextra -Wno-unused-parameter -Wno-parentheses -Wno-long-long -Wno-missing-field-initializers -Wno-tautological-compare -Wno-parentheses-equality -Wno-constant-logical-operand -Wno-self-assign -Wunused-variable -Wimplicit-int -Wpointer-arith -Wwrite-strings -Wdeclaration-after-statement -Wimplicit-function-declaration -Wdeprecated-declarations -Wmisleading-indentation -Wno-packed-bitfield-compat -Wsuggest-attribute=noreturn -Wsuggest-attribute=format -Wimplicit-fallthrough=0 -Wduplicated-cond -Wrestrict  -fPIC  conftest.c -o conftest.i"
checked program was:
/* begin */
1: #include "ruby.h"
2: 
3: #include <mysql.h>
/* end */

--------------------

have_header: checking for errmsg.h... -------------------- yes

"gcc -E -I/home/agus/.rbenv/versions/2.5.3/include/ruby-2.5.0/x86_64-linux -I/home/agus/.rbenv/versions/2.5.3/include/ruby-2.5.0/ruby/backward -I/home/agus/.rbenv/versions/2.5.3/include/ruby-2.5.0 -I. -I/usr/include/mysql -I/home/agus/.rbenv/versions/2.5.3/openssl/include    -O3 -ggdb3 -Wall -Wextra -Wno-unused-parameter -Wno-parentheses -Wno-long-long -Wno-missing-field-initializers -Wno-tautological-compare -Wno-parentheses-equality -Wno-constant-logical-operand -Wno-self-assign -Wunused-variable -Wimplicit-int -Wpointer-arith -Wwrite-strings -Wdeclaration-after-statement -Wimplicit-function-declaration -Wdeprecated-declarations -Wmisleading-indentation -Wno-packed-bitfield-compat -Wsuggest-attribute=noreturn -Wsuggest-attribute=format -Wimplicit-fallthrough=0 -Wduplicated-cond -Wrestrict  -fPIC  conftest.c -o conftest.i"
checked program was:
/* begin */
1: #include "ruby.h"
2: 
3: #include <errmsg.h>
/* end */

--------------------

have_const: checking for SSL_MODE_DISABLED in mysql.h... -------------------- yes

"gcc -I/home/agus/.rbenv/versions/2.5.3/include/ruby-2.5.0/x86_64-linux -I/home/agus/.rbenv/versions/2.5.3/include/ruby-2.5.0/ruby/backward -I/home/agus/.rbenv/versions/2.5.3/include/ruby-2.5.0 -I. -I/usr/include/mysql -I/home/agus/.rbenv/versions/2.5.3/openssl/include    -O3 -ggdb3 -Wall -Wextra -Wno-unused-parameter -Wno-parentheses -Wno-long-long -Wno-missing-field-initializers -Wno-tautological-compare -Wno-parentheses-equality -Wno-constant-logical-operand -Wno-self-assign -Wunused-variable -Wimplicit-int -Wpointer-arith -Wwrite-strings -Wdeclaration-after-statement -Wimplicit-function-declaration -Wdeprecated-declarations -Wmisleading-indentation -Wno-packed-bitfield-compat -Wsuggest-attribute=noreturn -Wsuggest-attribute=format -Wimplicit-fallthrough=0 -Wduplicated-cond -Wrestrict  -fPIC   -c conftest.c"
checked program was:
/* begin */
1: #include "ruby.h"
2: 
3: #include <mysql.h>
4: 
5: /*top*/
6: typedef int conftest_type;
7: conftest_type conftestval = (int)SSL_MODE_DISABLED;
/* end */

--------------------

have_const: checking for SSL_MODE_PREFERRED in mysql.h... -------------------- yes

"gcc -I/home/agus/.rbenv/versions/2.5.3/include/ruby-2.5.0/x86_64-linux -I/home/agus/.rbenv/versions/2.5.3/include/ruby-2.5.0/ruby/backward -I/home/agus/.rbenv/versions/2.5.3/include/ruby-2.5.0 -I. -I/usr/include/mysql -I/home/agus/.rbenv/versions/2.5.3/openssl/include    -O3 -ggdb3 -Wall -Wextra -Wno-unused-parameter -Wno-parentheses -Wno-long-long -Wno-missing-field-initializers -Wno-tautological-compare -Wno-parentheses-equality -Wno-constant-logical-operand -Wno-self-assign -Wunused-variable -Wimplicit-int -Wpointer-arith -Wwrite-strings -Wdeclaration-after-statement -Wimplicit-function-declaration -Wdeprecated-declarations -Wmisleading-indentation -Wno-packed-bitfield-compat -Wsuggest-attribute=noreturn -Wsuggest-attribute=format -Wimplicit-fallthrough=0 -Wduplicated-cond -Wrestrict  -fPIC   -c conftest.c"
checked program was:
/* begin */
1: #include "ruby.h"
2: 
3: #include <mysql.h>
4: 
5: /*top*/
6: typedef int conftest_type;
7: conftest_type conftestval = (int)SSL_MODE_PREFERRED;
/* end */

--------------------

have_const: checking for SSL_MODE_REQUIRED in mysql.h... -------------------- yes

"gcc -I/home/agus/.rbenv/versions/2.5.3/include/ruby-2.5.0/x86_64-linux -I/home/agus/.rbenv/versions/2.5.3/include/ruby-2.5.0/ruby/backward -I/home/agus/.rbenv/versions/2.5.3/include/ruby-2.5.0 -I. -I/usr/include/mysql -I/home/agus/.rbenv/versions/2.5.3/openssl/include    -O3 -ggdb3 -Wall -Wextra -Wno-unused-parameter -Wno-parentheses -Wno-long-long -Wno-missing-field-initializers -Wno-tautological-compare -Wno-parentheses-equality -Wno-constant-logical-operand -Wno-self-assign -Wunused-variable -Wimplicit-int -Wpointer-arith -Wwrite-strings -Wdeclaration-after-statement -Wimplicit-function-declaration -Wdeprecated-declarations -Wmisleading-indentation -Wno-packed-bitfield-compat -Wsuggest-attribute=noreturn -Wsuggest-attribute=format -Wimplicit-fallthrough=0 -Wduplicated-cond -Wrestrict  -fPIC   -c conftest.c"
checked program was:
/* begin */
1: #include "ruby.h"
2: 
3: #include <mysql.h>
4: 
5: /*top*/
6: typedef int conftest_type;
7: conftest_type conftestval = (int)SSL_MODE_REQUIRED;
/* end */

--------------------

have_const: checking for SSL_MODE_VERIFY_CA in mysql.h... -------------------- yes

"gcc -I/home/agus/.rbenv/versions/2.5.3/include/ruby-2.5.0/x86_64-linux -I/home/agus/.rbenv/versions/2.5.3/include/ruby-2.5.0/ruby/backward -I/home/agus/.rbenv/versions/2.5.3/include/ruby-2.5.0 -I. -I/usr/include/mysql -I/home/agus/.rbenv/versions/2.5.3/openssl/include    -O3 -ggdb3 -Wall -Wextra -Wno-unused-parameter -Wno-parentheses -Wno-long-long -Wno-missing-field-initializers -Wno-tautological-compare -Wno-parentheses-equality -Wno-constant-logical-operand -Wno-self-assign -Wunused-variable -Wimplicit-int -Wpointer-arith -Wwrite-strings -Wdeclaration-after-statement -Wimplicit-function-declaration -Wdeprecated-declarations -Wmisleading-indentation -Wno-packed-bitfield-compat -Wsuggest-attribute=noreturn -Wsuggest-attribute=format -Wimplicit-fallthrough=0 -Wduplicated-cond -Wrestrict  -fPIC   -c conftest.c"
checked program was:
/* begin */
1: #include "ruby.h"
2: 
3: #include <mysql.h>
4: 
5: /*top*/
6: typedef int conftest_type;
7: conftest_type conftestval = (int)SSL_MODE_VERIFY_CA;
/* end */

--------------------

have_const: checking for SSL_MODE_VERIFY_IDENTITY in mysql.h... -------------------- yes

"gcc -I/home/agus/.rbenv/versions/2.5.3/include/ruby-2.5.0/x86_64-linux -I/home/agus/.rbenv/versions/2.5.3/include/ruby-2.5.0/ruby/backward -I/home/agus/.rbenv/versions/2.5.3/include/ruby-2.5.0 -I. -I/usr/include/mysql -I/home/agus/.rbenv/versions/2.5.3/openssl/include    -O3 -ggdb3 -Wall -Wextra -Wno-unused-parameter -Wno-parentheses -Wno-long-long -Wno-missing-field-initializers -Wno-tautological-compare -Wno-parentheses-equality -Wno-constant-logical-operand -Wno-self-assign -Wunused-variable -Wimplicit-int -Wpointer-arith -Wwrite-strings -Wdeclaration-after-statement -Wimplicit-function-declaration -Wdeprecated-declarations -Wmisleading-indentation -Wno-packed-bitfield-compat -Wsuggest-attribute=noreturn -Wsuggest-attribute=format -Wimplicit-fallthrough=0 -Wduplicated-cond -Wrestrict  -fPIC   -c conftest.c"
checked program was:
/* begin */
1: #include "ruby.h"
2: 
3: #include <mysql.h>
4: 
5: /*top*/
6: typedef int conftest_type;
7: conftest_type conftestval = (int)SSL_MODE_VERIFY_IDENTITY;
/* end */

--------------------

have_struct_member: checking for MYSQL.net.vio in mysql.h... -------------------- yes

"gcc -I/home/agus/.rbenv/versions/2.5.3/include/ruby-2.5.0/x86_64-linux -I/home/agus/.rbenv/versions/2.5.3/include/ruby-2.5.0/ruby/backward -I/home/agus/.rbenv/versions/2.5.3/include/ruby-2.5.0 -I. -I/usr/include/mysql -I/home/agus/.rbenv/versions/2.5.3/openssl/include    -O3 -ggdb3 -Wall -Wextra -Wno-unused-parameter -Wno-parentheses -Wno-long-long -Wno-missing-field-initializers -Wno-tautological-compare -Wno-parentheses-equality -Wno-constant-logical-operand -Wno-self-assign -Wunused-variable -Wimplicit-int -Wpointer-arith -Wwrite-strings -Wdeclaration-after-statement -Wimplicit-function-declaration -Wdeprecated-declarations -Wmisleading-indentation -Wno-packed-bitfield-compat -Wsuggest-attribute=noreturn -Wsuggest-attribute=format -Wimplicit-fallthrough=0 -Wduplicated-cond -Wrestrict  -fPIC -DFULL_SSL_MODE_SUPPORT   -c conftest.c"
checked program was:
/* begin */
 1: #include "ruby.h"
 2: 
 3: #include <mysql.h>
 4: 
 5: /*top*/
 6: int s = (char *)&((MYSQL*)0)->net.vio - (char *)0;
 7: int main(int argc, char **argv)
 8: {
 9:   return 0;
10: }
/* end */

--------------------

have_struct_member: checking for MYSQL.net.pvio in mysql.h... -------------------- no

"gcc -I/home/agus/.rbenv/versions/2.5.3/include/ruby-2.5.0/x86_64-linux -I/home/agus/.rbenv/versions/2.5.3/include/ruby-2.5.0/ruby/backward -I/home/agus/.rbenv/versions/2.5.3/include/ruby-2.5.0 -I. -I/usr/include/mysql -I/home/agus/.rbenv/versions/2.5.3/openssl/include    -O3 -ggdb3 -Wall -Wextra -Wno-unused-parameter -Wno-parentheses -Wno-long-long -Wno-missing-field-initializers -Wno-tautological-compare -Wno-parentheses-equality -Wno-constant-logical-operand -Wno-self-assign -Wunused-variable -Wimplicit-int -Wpointer-arith -Wwrite-strings -Wdeclaration-after-statement -Wimplicit-function-declaration -Wdeprecated-declarations -Wmisleading-indentation -Wno-packed-bitfield-compat -Wsuggest-attribute=noreturn -Wsuggest-attribute=format -Wimplicit-fallthrough=0 -Wduplicated-cond -Wrestrict  -fPIC -DFULL_SSL_MODE_SUPPORT   -c conftest.c"
conftest.c:6:35: error: ‘NET’ has no member named ‘pvio’; did you mean ‘vio’?
    6 | int s = (char *)&((MYSQL*)0)->net.pvio - (char *)0;
      |                                   ^~~~
      |                                   vio
cc1: note: unrecognized command-line option ‘-Wno-self-assign’ may have been intended to silence earlier diagnostics
cc1: note: unrecognized command-line option ‘-Wno-constant-logical-operand’ may have been intended to silence earlier diagnostics
cc1: note: unrecognized command-line option ‘-Wno-parentheses-equality’ may have been intended to silence earlier diagnostics
checked program was:
/* begin */
 1: #include "ruby.h"
 2: 
 3: #include <mysql.h>
 4: 
 5: /*top*/
 6: int s = (char *)&((MYSQL*)0)->net.pvio - (char *)0;
 7: int main(int argc, char **argv)
 8: {
 9:   return 0;
10: }
/* end */

--------------------

have_const: checking for MYSQL_DEFAULT_AUTH in mysql.h... -------------------- yes

"gcc -I/home/agus/.rbenv/versions/2.5.3/include/ruby-2.5.0/x86_64-linux -I/home/agus/.rbenv/versions/2.5.3/include/ruby-2.5.0/ruby/backward -I/home/agus/.rbenv/versions/2.5.3/include/ruby-2.5.0 -I. -I/usr/include/mysql -I/home/agus/.rbenv/versions/2.5.3/openssl/include    -O3 -ggdb3 -Wall -Wextra -Wno-unused-parameter -Wno-parentheses -Wno-long-long -Wno-missing-field-initializers -Wno-tautological-compare -Wno-parentheses-equality -Wno-constant-logical-operand -Wno-self-assign -Wunused-variable -Wimplicit-int -Wpointer-arith -Wwrite-strings -Wdeclaration-after-statement -Wimplicit-function-declaration -Wdeprecated-declarations -Wmisleading-indentation -Wno-packed-bitfield-compat -Wsuggest-attribute=noreturn -Wsuggest-attribute=format -Wimplicit-fallthrough=0 -Wduplicated-cond -Wrestrict  -fPIC -DFULL_SSL_MODE_SUPPORT   -c conftest.c"
checked program was:
/* begin */
1: #include "ruby.h"
2: 
3: #include <mysql.h>
4: 
5: /*top*/
6: typedef int conftest_type;
7: conftest_type conftestval = (int)MYSQL_DEFAULT_AUTH;
/* end */

--------------------

have_const: checking for MYSQL_ENABLE_CLEARTEXT_PLUGIN in mysql.h... -------------------- yes

"gcc -I/home/agus/.rbenv/versions/2.5.3/include/ruby-2.5.0/x86_64-linux -I/home/agus/.rbenv/versions/2.5.3/include/ruby-2.5.0/ruby/backward -I/home/agus/.rbenv/versions/2.5.3/include/ruby-2.5.0 -I. -I/usr/include/mysql -I/home/agus/.rbenv/versions/2.5.3/openssl/include    -O3 -ggdb3 -Wall -Wextra -Wno-unused-parameter -Wno-parentheses -Wno-long-long -Wno-missing-field-initializers -Wno-tautological-compare -Wno-parentheses-equality -Wno-constant-logical-operand -Wno-self-assign -Wunused-variable -Wimplicit-int -Wpointer-arith -Wwrite-strings -Wdeclaration-after-statement -Wimplicit-function-declaration -Wdeprecated-declarations -Wmisleading-indentation -Wno-packed-bitfield-compat -Wsuggest-attribute=noreturn -Wsuggest-attribute=format -Wimplicit-fallthrough=0 -Wduplicated-cond -Wrestrict  -fPIC -DFULL_SSL_MODE_SUPPORT   -c conftest.c"
checked program was:
/* begin */
1: #include "ruby.h"
2: 
3: #include <mysql.h>
4: 
5: /*top*/
6: typedef int conftest_type;
7: conftest_type conftestval = (int)MYSQL_ENABLE_CLEARTEXT_PLUGIN;
/* end */

--------------------

have_const: checking for SERVER_QUERY_NO_GOOD_INDEX_USED in mysql.h... -------------------- yes

"gcc -I/home/agus/.rbenv/versions/2.5.3/include/ruby-2.5.0/x86_64-linux -I/home/agus/.rbenv/versions/2.5.3/include/ruby-2.5.0/ruby/backward -I/home/agus/.rbenv/versions/2.5.3/include/ruby-2.5.0 -I. -I/usr/include/mysql -I/home/agus/.rbenv/versions/2.5.3/openssl/include    -O3 -ggdb3 -Wall -Wextra -Wno-unused-parameter -Wno-parentheses -Wno-long-long -Wno-missing-field-initializers -Wno-tautological-compare -Wno-parentheses-equality -Wno-constant-logical-operand -Wno-self-assign -Wunused-variable -Wimplicit-int -Wpointer-arith -Wwrite-strings -Wdeclaration-after-statement -Wimplicit-function-declaration -Wdeprecated-declarations -Wmisleading-indentation -Wno-packed-bitfield-compat -Wsuggest-attribute=noreturn -Wsuggest-attribute=format -Wimplicit-fallthrough=0 -Wduplicated-cond -Wrestrict  -fPIC -DFULL_SSL_MODE_SUPPORT   -c conftest.c"
checked program was:
/* begin */
1: #include "ruby.h"
2: 
3: #include <mysql.h>
4: 
5: /*top*/
6: typedef int conftest_type;
7: conftest_type conftestval = (int)SERVER_QUERY_NO_GOOD_INDEX_USED;
/* end */

--------------------

have_const: checking for SERVER_QUERY_NO_INDEX_USED in mysql.h... -------------------- yes

"gcc -I/home/agus/.rbenv/versions/2.5.3/include/ruby-2.5.0/x86_64-linux -I/home/agus/.rbenv/versions/2.5.3/include/ruby-2.5.0/ruby/backward -I/home/agus/.rbenv/versions/2.5.3/include/ruby-2.5.0 -I. -I/usr/include/mysql -I/home/agus/.rbenv/versions/2.5.3/openssl/include    -O3 -ggdb3 -Wall -Wextra -Wno-unused-parameter -Wno-parentheses -Wno-long-long -Wno-missing-field-initializers -Wno-tautological-compare -Wno-parentheses-equality -Wno-constant-logical-operand -Wno-self-assign -Wunused-variable -Wimplicit-int -Wpointer-arith -Wwrite-strings -Wdeclaration-after-statement -Wimplicit-function-declaration -Wdeprecated-declarations -Wmisleading-indentation -Wno-packed-bitfield-compat -Wsuggest-attribute=noreturn -Wsuggest-attribute=format -Wimplicit-fallthrough=0 -Wduplicated-cond -Wrestrict  -fPIC -DFULL_SSL_MODE_SUPPORT   -c conftest.c"
checked program was:
/* begin */
1: #include "ruby.h"
2: 
3: #include <mysql.h>
4: 
5: /*top*/
6: typedef int conftest_type;
7: conftest_type conftestval = (int)SERVER_QUERY_NO_INDEX_USED;
/* end */

--------------------

have_const: checking for SERVER_QUERY_WAS_SLOW in mysql.h... -------------------- yes

"gcc -I/home/agus/.rbenv/versions/2.5.3/include/ruby-2.5.0/x86_64-linux -I/home/agus/.rbenv/versions/2.5.3/include/ruby-2.5.0/ruby/backward -I/home/agus/.rbenv/versions/2.5.3/include/ruby-2.5.0 -I. -I/usr/include/mysql -I/home/agus/.rbenv/versions/2.5.3/openssl/include    -O3 -ggdb3 -Wall -Wextra -Wno-unused-parameter -Wno-parentheses -Wno-long-long -Wno-missing-field-initializers -Wno-tautological-compare -Wno-parentheses-equality -Wno-constant-logical-operand -Wno-self-assign -Wunused-variable -Wimplicit-int -Wpointer-arith -Wwrite-strings -Wdeclaration-after-statement -Wimplicit-function-declaration -Wdeprecated-declarations -Wmisleading-indentation -Wno-packed-bitfield-compat -Wsuggest-attribute=noreturn -Wsuggest-attribute=format -Wimplicit-fallthrough=0 -Wduplicated-cond -Wrestrict  -fPIC -DFULL_SSL_MODE_SUPPORT   -c conftest.c"
checked program was:
/* begin */
1: #include "ruby.h"
2: 
3: #include <mysql.h>
4: 
5: /*top*/
6: typedef int conftest_type;
7: conftest_type conftestval = (int)SERVER_QUERY_WAS_SLOW;
/* end */

--------------------

have_const: checking for MYSQL_OPTION_MULTI_STATEMENTS_ON in mysql.h... -------------------- yes

"gcc -I/home/agus/.rbenv/versions/2.5.3/include/ruby-2.5.0/x86_64-linux -I/home/agus/.rbenv/versions/2.5.3/include/ruby-2.5.0/ruby/backward -I/home/agus/.rbenv/versions/2.5.3/include/ruby-2.5.0 -I. -I/usr/include/mysql -I/home/agus/.rbenv/versions/2.5.3/openssl/include    -O3 -ggdb3 -Wall -Wextra -Wno-unused-parameter -Wno-parentheses -Wno-long-long -Wno-missing-field-initializers -Wno-tautological-compare -Wno-parentheses-equality -Wno-constant-logical-operand -Wno-self-assign -Wunused-variable -Wimplicit-int -Wpointer-arith -Wwrite-strings -Wdeclaration-after-statement -Wimplicit-function-declaration -Wdeprecated-declarations -Wmisleading-indentation -Wno-packed-bitfield-compat -Wsuggest-attribute=noreturn -Wsuggest-attribute=format -Wimplicit-fallthrough=0 -Wduplicated-cond -Wrestrict  -fPIC -DFULL_SSL_MODE_SUPPORT   -c conftest.c"
checked program was:
/* begin */
1: #include "ruby.h"
2: 
3: #include <mysql.h>
4: 
5: /*top*/
6: typedef int conftest_type;
7: conftest_type conftestval = (int)MYSQL_OPTION_MULTI_STATEMENTS_ON;
/* end */

--------------------

have_const: checking for MYSQL_OPTION_MULTI_STATEMENTS_OFF in mysql.h... -------------------- yes

"gcc -I/home/agus/.rbenv/versions/2.5.3/include/ruby-2.5.0/x86_64-linux -I/home/agus/.rbenv/versions/2.5.3/include/ruby-2.5.0/ruby/backward -I/home/agus/.rbenv/versions/2.5.3/include/ruby-2.5.0 -I. -I/usr/include/mysql -I/home/agus/.rbenv/versions/2.5.3/openssl/include    -O3 -ggdb3 -Wall -Wextra -Wno-unused-parameter -Wno-parentheses -Wno-long-long -Wno-missing-field-initializers -Wno-tautological-compare -Wno-parentheses-equality -Wno-constant-logical-operand -Wno-self-assign -Wunused-variable -Wimplicit-int -Wpointer-arith -Wwrite-strings -Wdeclaration-after-statement -Wimplicit-function-declaration -Wdeprecated-declarations -Wmisleading-indentation -Wno-packed-bitfield-compat -Wsuggest-attribute=noreturn -Wsuggest-attribute=format -Wimplicit-fallthrough=0 -Wduplicated-cond -Wrestrict  -fPIC -DFULL_SSL_MODE_SUPPORT   -c conftest.c"
checked program was:
/* begin */
1: #include "ruby.h"
2: 
3: #include <mysql.h>
4: 
5: /*top*/
6: typedef int conftest_type;
7: conftest_type conftestval = (int)MYSQL_OPTION_MULTI_STATEMENTS_OFF;
/* end */

--------------------

have_type: checking for my_bool in mysql.h... -------------------- no

"gcc -I/home/agus/.rbenv/versions/2.5.3/include/ruby-2.5.0/x86_64-linux -I/home/agus/.rbenv/versions/2.5.3/include/ruby-2.5.0/ruby/backward -I/home/agus/.rbenv/versions/2.5.3/include/ruby-2.5.0 -I. -I/usr/include/mysql -I/home/agus/.rbenv/versions/2.5.3/openssl/include    -O3 -ggdb3 -Wall -Wextra -Wno-unused-parameter -Wno-parentheses -Wno-long-long -Wno-missing-field-initializers -Wno-tautological-compare -Wno-parentheses-equality -Wno-constant-logical-operand -Wno-self-assign -Wunused-variable -Wimplicit-int -Wpointer-arith -Wwrite-strings -Wdeclaration-after-statement -Wimplicit-function-declaration -Wdeprecated-declarations -Wmisleading-indentation -Wno-packed-bitfield-compat -Wsuggest-attribute=noreturn -Wsuggest-attribute=format -Wimplicit-fallthrough=0 -Wduplicated-cond -Wrestrict  -fPIC -DFULL_SSL_MODE_SUPPORT   -c conftest.c"
conftest.c:6:9: error: unknown type name ‘my_bool’
    6 | typedef my_bool conftest_type;
      |         ^~~~~~~
cc1: note: unrecognized command-line option ‘-Wno-self-assign’ may have been intended to silence earlier diagnostics
cc1: note: unrecognized command-line option ‘-Wno-constant-logical-operand’ may have been intended to silence earlier diagnostics
cc1: note: unrecognized command-line option ‘-Wno-parentheses-equality’ may have been intended to silence earlier diagnostics
checked program was:
/* begin */
1: #include "ruby.h"
2: 
3: #include <mysql.h>
4: 
5: /*top*/
6: typedef my_bool conftest_type;
7: int conftestval[sizeof(conftest_type)?1:-1];
/* end */

--------------------

have_func: checking for mysql_ssl_set() in mysql.h... -------------------- yes

"gcc -o conftest -I/home/agus/.rbenv/versions/2.5.3/include/ruby-2.5.0/x86_64-linux -I/home/agus/.rbenv/versions/2.5.3/include/ruby-2.5.0/ruby/backward -I/home/agus/.rbenv/versions/2.5.3/include/ruby-2.5.0 -I. -I/usr/include/mysql -I/home/agus/.rbenv/versions/2.5.3/openssl/include    -O3 -ggdb3 -Wall -Wextra -Wno-unused-parameter -Wno-parentheses -Wno-long-long -Wno-missing-field-initializers -Wno-tautological-compare -Wno-parentheses-equality -Wno-constant-logical-operand -Wno-self-assign -Wunused-variable -Wimplicit-int -Wpointer-arith -Wwrite-strings -Wdeclaration-after-statement -Wimplicit-function-declaration -Wdeprecated-declarations -Wmisleading-indentation -Wno-packed-bitfield-compat -Wsuggest-attribute=noreturn -Wsuggest-attribute=format -Wimplicit-fallthrough=0 -Wduplicated-cond -Wrestrict  -fPIC -DFULL_SSL_MODE_SUPPORT conftest.c  -L. -L/home/agus/.rbenv/versions/2.5.3/lib -Wl,-rpath,/home/agus/.rbenv/versions/2.5.3/lib -L/home/agus/.rbenv/versions/2.5.3/openssl/lib -Wl,-rpath,/home/agus/.rbenv/versions/2.5.3/openssl/lib -L. -fstack-protector -rdynamic -Wl,-export-dynamic -L/home/agus/.rbenv/versions/2.5.3/openssl/lib    -L/usr/lib/x86_64-linux-gnu -lmysqlclient -lz  -lzstd -lssl -lcrypto -lresolv -lm  -Wl,-rpath,/home/agus/.rbenv/versions/2.5.3/lib -L/home/agus/.rbenv/versions/2.5.3/lib -lruby -L/usr/lib/x86_64-linux-gnu -lmysqlclient -lz  -lzstd -lssl -lcrypto -lresolv -lm  -lpthread -ldl -lcrypt -lm   -lc"
conftest.c: In function ‘t’:
conftest.c:15:43: warning: cast between incompatible function types from ‘_Bool (*)(MYSQL *, const char *, const char *, const char *, const char *, const char *)’ to ‘void (*)()’ [-Wcast-function-type]
   15 | int t(void) { void ((*volatile p)()); p = (void ((*)()))mysql_ssl_set; return !p; }
      |                                           ^
At top level:
cc1: note: unrecognized command-line option ‘-Wno-self-assign’ may have been intended to silence earlier diagnostics
cc1: note: unrecognized command-line option ‘-Wno-constant-logical-operand’ may have been intended to silence earlier diagnostics
cc1: note: unrecognized command-line option ‘-Wno-parentheses-equality’ may have been intended to silence earlier diagnostics
checked program was:
/* begin */
 1: #include "ruby.h"
 2: 
 3: #include <mysql.h>
 4: 
 5: /*top*/
 6: extern int t(void);
 7: int main(int argc, char **argv)
 8: {
 9:   if (argc > 1000000) {
10:     printf("%p", &t);
11:   }
12: 
13:   return 0;
14: }
15: int t(void) { void ((*volatile p)()); p = (void ((*)()))mysql_ssl_set; return !p; }
/* end */

--------------------

"gcc -o conftest -I/home/agus/.rbenv/versions/2.5.3/include/ruby-2.5.0/x86_64-linux -I/home/agus/.rbenv/versions/2.5.3/include/ruby-2.5.0/ruby/backward -I/home/agus/.rbenv/versions/2.5.3/include/ruby-2.5.0 -I. -I/usr/include/mysql -I/home/agus/.rbenv/versions/2.5.3/openssl/include    -O3 -ggdb3 -Wall -Wextra -Wno-unused-parameter -Wno-parentheses -Wno-long-long -Wno-missing-field-initializers -Wno-tautological-compare -Wno-parentheses-equality -Wno-constant-logical-operand -Wno-self-assign -Wunused-variable -Wimplicit-int -Wpointer-arith -Wwrite-strings -Wdeclaration-after-statement -Wimplicit-function-declaration -Wdeprecated-declarations -Wmisleading-indentation -Wno-packed-bitfield-compat -Wsuggest-attribute=noreturn -Wsuggest-attribute=format -Wimplicit-fallthrough=0 -Wduplicated-cond -Wrestrict  -fPIC -DFULL_SSL_MODE_SUPPORT conftest.c  -L. -L/home/agus/.rbenv/versions/2.5.3/lib -Wl,-rpath,/home/agus/.rbenv/versions/2.5.3/lib -L/home/agus/.rbenv/versions/2.5.3/openssl/lib -Wl,-rpath,/home/agus/.rbenv/versions/2.5.3/openssl/lib -L. -fstack-protector -rdynamic -Wl,-export-dynamic -L/home/agus/.rbenv/versions/2.5.3/openssl/lib    -L/usr/lib/x86_64-linux-gnu -lmysqlclient -lz  -lzstd -lssl -lcrypto -lresolv -lm  -Wl,-rpath,/home/agus/.rbenv/versions/2.5.3/lib -L/home/agus/.rbenv/versions/2.5.3/lib -lruby -Werror -Weverything -lpthread -ldl -lcrypt -lm   -lc"
gcc: error: unrecognized command-line option ‘-Weverything’
checked program was:
/* begin */
1: #include "ruby.h"
2: 
3: int main() {return 0;}
/* end */

"gcc -o conftest -I/home/agus/.rbenv/versions/2.5.3/include/ruby-2.5.0/x86_64-linux -I/home/agus/.rbenv/versions/2.5.3/include/ruby-2.5.0/ruby/backward -I/home/agus/.rbenv/versions/2.5.3/include/ruby-2.5.0 -I. -I/usr/include/mysql -I/home/agus/.rbenv/versions/2.5.3/openssl/include    -O3 -ggdb3 -Wall -Wextra -Wno-unused-parameter -Wno-parentheses -Wno-long-long -Wno-missing-field-initializers -Wno-tautological-compare -Wno-parentheses-equality -Wno-constant-logical-operand -Wno-self-assign -Wunused-variable -Wimplicit-int -Wpointer-arith -Wwrite-strings -Wdeclaration-after-statement -Wimplicit-function-declaration -Wdeprecated-declarations -Wmisleading-indentation -Wno-packed-bitfield-compat -Wsuggest-attribute=noreturn -Wsuggest-attribute=format -Wimplicit-fallthrough=0 -Wduplicated-cond -Wrestrict  -fPIC -DFULL_SSL_MODE_SUPPORT conftest.c  -L. -L/home/agus/.rbenv/versions/2.5.3/lib -Wl,-rpath,/home/agus/.rbenv/versions/2.5.3/lib -L/home/agus/.rbenv/versions/2.5.3/openssl/lib -Wl,-rpath,/home/agus/.rbenv/versions/2.5.3/openssl/lib -L. -fstack-protector -rdynamic -Wl,-export-dynamic -L/home/agus/.rbenv/versions/2.5.3/openssl/lib    -L/usr/lib/x86_64-linux-gnu -lmysqlclient -lz  -lzstd -lssl -lcrypto -lresolv -lm  -Wl,-rpath,/home/agus/.rbenv/versions/2.5.3/lib -L/home/agus/.rbenv/versions/2.5.3/lib -lruby -Werror -Wno-compound-token-split-by-macro -lpthread -ldl -lcrypt -lm   -lc"
checked program was:
/* begin */
1: #include "ruby.h"
2: 
3: int main() {return 0;}
/* end */

"gcc -o conftest -I/home/agus/.rbenv/versions/2.5.3/include/ruby-2.5.0/x86_64-linux -I/home/agus/.rbenv/versions/2.5.3/include/ruby-2.5.0/ruby/backward -I/home/agus/.rbenv/versions/2.5.3/include/ruby-2.5.0 -I. -I/usr/include/mysql -I/home/agus/.rbenv/versions/2.5.3/openssl/include    -O3 -ggdb3 -Wall -Wextra -Wno-unused-parameter -Wno-parentheses -Wno-long-long -Wno-missing-field-initializers -Wno-tautological-compare -Wno-parentheses-equality -Wno-constant-logical-operand -Wno-self-assign -Wunused-variable -Wimplicit-int -Wpointer-arith -Wwrite-strings -Wdeclaration-after-statement -Wimplicit-function-declaration -Wdeprecated-declarations -Wmisleading-indentation -Wno-packed-bitfield-compat -Wsuggest-attribute=noreturn -Wsuggest-attribute=format -Wimplicit-fallthrough=0 -Wduplicated-cond -Wrestrict  -fPIC -DFULL_SSL_MODE_SUPPORT conftest.c  -L. -L/home/agus/.rbenv/versions/2.5.3/lib -Wl,-rpath,/home/agus/.rbenv/versions/2.5.3/lib -L/home/agus/.rbenv/versions/2.5.3/openssl/lib -Wl,-rpath,/home/agus/.rbenv/versions/2.5.3/openssl/lib -L. -fstack-protector -rdynamic -Wl,-export-dynamic -L/home/agus/.rbenv/versions/2.5.3/openssl/lib    -L/usr/lib/x86_64-linux-gnu -lmysqlclient -lz  -lzstd -lssl -lcrypto -lresolv -lm  -Wl,-rpath,/home/agus/.rbenv/versions/2.5.3/lib -L/home/agus/.rbenv/versions/2.5.3/lib -lruby -Werror -Wno-bad-function-cast -lpthread -ldl -lcrypt -lm   -lc"
checked program was:
/* begin */
1: #include "ruby.h"
2: 
3: int main() {return 0;}
/* end */

"gcc -o conftest -I/home/agus/.rbenv/versions/2.5.3/include/ruby-2.5.0/x86_64-linux -I/home/agus/.rbenv/versions/2.5.3/include/ruby-2.5.0/ruby/backward -I/home/agus/.rbenv/versions/2.5.3/include/ruby-2.5.0 -I. -I/usr/include/mysql -I/home/agus/.rbenv/versions/2.5.3/openssl/include    -O3 -ggdb3 -Wall -Wextra -Wno-unused-parameter -Wno-parentheses -Wno-long-long -Wno-missing-field-initializers -Wno-tautological-compare -Wno-parentheses-equality -Wno-constant-logical-operand -Wno-self-assign -Wunused-variable -Wimplicit-int -Wpointer-arith -Wwrite-strings -Wdeclaration-after-statement -Wimplicit-function-declaration -Wdeprecated-declarations -Wmisleading-indentation -Wno-packed-bitfield-compat -Wsuggest-attribute=noreturn -Wsuggest-attribute=format -Wimplicit-fallthrough=0 -Wduplicated-cond -Wrestrict  -fPIC -DFULL_SSL_MODE_SUPPORT conftest.c  -L. -L/home/agus/.rbenv/versions/2.5.3/lib -Wl,-rpath,/home/agus/.rbenv/versions/2.5.3/lib -L/home/agus/.rbenv/versions/2.5.3/openssl/lib -Wl,-rpath,/home/agus/.rbenv/versions/2.5.3/openssl/lib -L. -fstack-protector -rdynamic -Wl,-export-dynamic -L/home/agus/.rbenv/versions/2.5.3/openssl/lib    -L/usr/lib/x86_64-linux-gnu -lmysqlclient -lz  -lzstd -lssl -lcrypto -lresolv -lm  -Wl,-rpath,/home/agus/.rbenv/versions/2.5.3/lib -L/home/agus/.rbenv/versions/2.5.3/lib -lruby -Werror -Wno-conditional-uninitialized -lpthread -ldl -lcrypt -lm   -lc"
checked program was:
/* begin */
1: #include "ruby.h"
2: 
3: int main() {return 0;}
/* end */

"gcc -o conftest -I/home/agus/.rbenv/versions/2.5.3/include/ruby-2.5.0/x86_64-linux -I/home/agus/.rbenv/versions/2.5.3/include/ruby-2.5.0/ruby/backward -I/home/agus/.rbenv/versions/2.5.3/include/ruby-2.5.0 -I. -I/usr/include/mysql -I/home/agus/.rbenv/versions/2.5.3/openssl/include    -O3 -ggdb3 -Wall -Wextra -Wno-unused-parameter -Wno-parentheses -Wno-long-long -Wno-missing-field-initializers -Wno-tautological-compare -Wno-parentheses-equality -Wno-constant-logical-operand -Wno-self-assign -Wunused-variable -Wimplicit-int -Wpointer-arith -Wwrite-strings -Wdeclaration-after-statement -Wimplicit-function-declaration -Wdeprecated-declarations -Wmisleading-indentation -Wno-packed-bitfield-compat -Wsuggest-attribute=noreturn -Wsuggest-attribute=format -Wimplicit-fallthrough=0 -Wduplicated-cond -Wrestrict  -fPIC -DFULL_SSL_MODE_SUPPORT conftest.c  -L. -L/home/agus/.rbenv/versions/2.5.3/lib -Wl,-rpath,/home/agus/.rbenv/versions/2.5.3/lib -L/home/agus/.rbenv/versions/2.5.3/openssl/lib -Wl,-rpath,/home/agus/.rbenv/versions/2.5.3/openssl/lib -L. -fstack-protector -rdynamic -Wl,-export-dynamic -L/home/agus/.rbenv/versions/2.5.3/openssl/lib    -L/usr/lib/x86_64-linux-gnu -lmysqlclient -lz  -lzstd -lssl -lcrypto -lresolv -lm  -Wl,-rpath,/home/agus/.rbenv/versions/2.5.3/lib -L/home/agus/.rbenv/versions/2.5.3/lib -lruby -Werror -Wno-covered-switch-default -lpthread -ldl -lcrypt -lm   -lc"
checked program was:
/* begin */
1: #include "ruby.h"
2: 
3: int main() {return 0;}
/* end */

"gcc -o conftest -I/home/agus/.rbenv/versions/2.5.3/include/ruby-2.5.0/x86_64-linux -I/home/agus/.rbenv/versions/2.5.3/include/ruby-2.5.0/ruby/backward -I/home/agus/.rbenv/versions/2.5.3/include/ruby-2.5.0 -I. -I/usr/include/mysql -I/home/agus/.rbenv/versions/2.5.3/openssl/include    -O3 -ggdb3 -Wall -Wextra -Wno-unused-parameter -Wno-parentheses -Wno-long-long -Wno-missing-field-initializers -Wno-tautological-compare -Wno-parentheses-equality -Wno-constant-logical-operand -Wno-self-assign -Wunused-variable -Wimplicit-int -Wpointer-arith -Wwrite-strings -Wdeclaration-after-statement -Wimplicit-function-declaration -Wdeprecated-declarations -Wmisleading-indentation -Wno-packed-bitfield-compat -Wsuggest-attribute=noreturn -Wsuggest-attribute=format -Wimplicit-fallthrough=0 -Wduplicated-cond -Wrestrict  -fPIC -DFULL_SSL_MODE_SUPPORT conftest.c  -L. -L/home/agus/.rbenv/versions/2.5.3/lib -Wl,-rpath,/home/agus/.rbenv/versions/2.5.3/lib -L/home/agus/.rbenv/versions/2.5.3/openssl/lib -Wl,-rpath,/home/agus/.rbenv/versions/2.5.3/openssl/lib -L. -fstack-protector -rdynamic -Wl,-export-dynamic -L/home/agus/.rbenv/versions/2.5.3/openssl/lib    -L/usr/lib/x86_64-linux-gnu -lmysqlclient -lz  -lzstd -lssl -lcrypto -lresolv -lm  -Wl,-rpath,/home/agus/.rbenv/versions/2.5.3/lib -L/home/agus/.rbenv/versions/2.5.3/lib -lruby -Werror -Wno-declaration-after-statement -lpthread -ldl -lcrypt -lm   -lc"
checked program was:
/* begin */
1: #include "ruby.h"
2: 
3: int main() {return 0;}
/* end */

"gcc -o conftest -I/home/agus/.rbenv/versions/2.5.3/include/ruby-2.5.0/x86_64-linux -I/home/agus/.rbenv/versions/2.5.3/include/ruby-2.5.0/ruby/backward -I/home/agus/.rbenv/versions/2.5.3/include/ruby-2.5.0 -I. -I/usr/include/mysql -I/home/agus/.rbenv/versions/2.5.3/openssl/include    -O3 -ggdb3 -Wall -Wextra -Wno-unused-parameter -Wno-parentheses -Wno-long-long -Wno-missing-field-initializers -Wno-tautological-compare -Wno-parentheses-equality -Wno-constant-logical-operand -Wno-self-assign -Wunused-variable -Wimplicit-int -Wpointer-arith -Wwrite-strings -Wdeclaration-after-statement -Wimplicit-function-declaration -Wdeprecated-declarations -Wmisleading-indentation -Wno-packed-bitfield-compat -Wsuggest-attribute=noreturn -Wsuggest-attribute=format -Wimplicit-fallthrough=0 -Wduplicated-cond -Wrestrict  -fPIC -DFULL_SSL_MODE_SUPPORT conftest.c  -L. -L/home/agus/.rbenv/versions/2.5.3/lib -Wl,-rpath,/home/agus/.rbenv/versions/2.5.3/lib -L/home/agus/.rbenv/versions/2.5.3/openssl/lib -Wl,-rpath,/home/agus/.rbenv/versions/2.5.3/openssl/lib -L. -fstack-protector -rdynamic -Wl,-export-dynamic -L/home/agus/.rbenv/versions/2.5.3/openssl/lib    -L/usr/lib/x86_64-linux-gnu -lmysqlclient -lz  -lzstd -lssl -lcrypto -lresolv -lm  -Wl,-rpath,/home/agus/.rbenv/versions/2.5.3/lib -L/home/agus/.rbenv/versions/2.5.3/lib -lruby -Werror -Wno-disabled-macro-expansion -lpthread -ldl -lcrypt -lm   -lc"
checked program was:
/* begin */
1: #include "ruby.h"
2: 
3: int main() {return 0;}
/* end */

"gcc -o conftest -I/home/agus/.rbenv/versions/2.5.3/include/ruby-2.5.0/x86_64-linux -I/home/agus/.rbenv/versions/2.5.3/include/ruby-2.5.0/ruby/backward -I/home/agus/.rbenv/versions/2.5.3/include/ruby-2.5.0 -I. -I/usr/include/mysql -I/home/agus/.rbenv/versions/2.5.3/openssl/include    -O3 -ggdb3 -Wall -Wextra -Wno-unused-parameter -Wno-parentheses -Wno-long-long -Wno-missing-field-initializers -Wno-tautological-compare -Wno-parentheses-equality -Wno-constant-logical-operand -Wno-self-assign -Wunused-variable -Wimplicit-int -Wpointer-arith -Wwrite-strings -Wdeclaration-after-statement -Wimplicit-function-declaration -Wdeprecated-declarations -Wmisleading-indentation -Wno-packed-bitfield-compat -Wsuggest-attribute=noreturn -Wsuggest-attribute=format -Wimplicit-fallthrough=0 -Wduplicated-cond -Wrestrict  -fPIC -DFULL_SSL_MODE_SUPPORT conftest.c  -L. -L/home/agus/.rbenv/versions/2.5.3/lib -Wl,-rpath,/home/agus/.rbenv/versions/2.5.3/lib -L/home/agus/.rbenv/versions/2.5.3/openssl/lib -Wl,-rpath,/home/agus/.rbenv/versions/2.5.3/openssl/lib -L. -fstack-protector -rdynamic -Wl,-export-dynamic -L/home/agus/.rbenv/versions/2.5.3/openssl/lib    -L/usr/lib/x86_64-linux-gnu -lmysqlclient -lz  -lzstd -lssl -lcrypto -lresolv -lm  -Wl,-rpath,/home/agus/.rbenv/versions/2.5.3/lib -L/home/agus/.rbenv/versions/2.5.3/lib -lruby -Werror -Wno-documentation-unknown-command -lpthread -ldl -lcrypt -lm   -lc"
checked program was:
/* begin */
1: #include "ruby.h"
2: 
3: int main() {return 0;}
/* end */

"gcc -o conftest -I/home/agus/.rbenv/versions/2.5.3/include/ruby-2.5.0/x86_64-linux -I/home/agus/.rbenv/versions/2.5.3/include/ruby-2.5.0/ruby/backward -I/home/agus/.rbenv/versions/2.5.3/include/ruby-2.5.0 -I. -I/usr/include/mysql -I/home/agus/.rbenv/versions/2.5.3/openssl/include    -O3 -ggdb3 -Wall -Wextra -Wno-unused-parameter -Wno-parentheses -Wno-long-long -Wno-missing-field-initializers -Wno-tautological-compare -Wno-parentheses-equality -Wno-constant-logical-operand -Wno-self-assign -Wunused-variable -Wimplicit-int -Wpointer-arith -Wwrite-strings -Wdeclaration-after-statement -Wimplicit-function-declaration -Wdeprecated-declarations -Wmisleading-indentation -Wno-packed-bitfield-compat -Wsuggest-attribute=noreturn -Wsuggest-attribute=format -Wimplicit-fallthrough=0 -Wduplicated-cond -Wrestrict  -fPIC -DFULL_SSL_MODE_SUPPORT conftest.c  -L. -L/home/agus/.rbenv/versions/2.5.3/lib -Wl,-rpath,/home/agus/.rbenv/versions/2.5.3/lib -L/home/agus/.rbenv/versions/2.5.3/openssl/lib -Wl,-rpath,/home/agus/.rbenv/versions/2.5.3/openssl/lib -L. -fstack-protector -rdynamic -Wl,-export-dynamic -L/home/agus/.rbenv/versions/2.5.3/openssl/lib    -L/usr/lib/x86_64-linux-gnu -lmysqlclient -lz  -lzstd -lssl -lcrypto -lresolv -lm  -Wl,-rpath,/home/agus/.rbenv/versions/2.5.3/lib -L/home/agus/.rbenv/versions/2.5.3/lib -lruby -Werror -Wno-missing-field-initializers -lpthread -ldl -lcrypt -lm   -lc"
checked program was:
/* begin */
1: #include "ruby.h"
2: 
3: int main() {return 0;}
/* end */

"gcc -o conftest -I/home/agus/.rbenv/versions/2.5.3/include/ruby-2.5.0/x86_64-linux -I/home/agus/.rbenv/versions/2.5.3/include/ruby-2.5.0/ruby/backward -I/home/agus/.rbenv/versions/2.5.3/include/ruby-2.5.0 -I. -I/usr/include/mysql -I/home/agus/.rbenv/versions/2.5.3/openssl/include    -O3 -ggdb3 -Wall -Wextra -Wno-unused-parameter -Wno-parentheses -Wno-long-long -Wno-missing-field-initializers -Wno-tautological-compare -Wno-parentheses-equality -Wno-constant-logical-operand -Wno-self-assign -Wunused-variable -Wimplicit-int -Wpointer-arith -Wwrite-strings -Wdeclaration-after-statement -Wimplicit-function-declaration -Wdeprecated-declarations -Wmisleading-indentation -Wno-packed-bitfield-compat -Wsuggest-attribute=noreturn -Wsuggest-attribute=format -Wimplicit-fallthrough=0 -Wduplicated-cond -Wrestrict  -fPIC -DFULL_SSL_MODE_SUPPORT conftest.c  -L. -L/home/agus/.rbenv/versions/2.5.3/lib -Wl,-rpath,/home/agus/.rbenv/versions/2.5.3/lib -L/home/agus/.rbenv/versions/2.5.3/openssl/lib -Wl,-rpath,/home/agus/.rbenv/versions/2.5.3/openssl/lib -L. -fstack-protector -rdynamic -Wl,-export-dynamic -L/home/agus/.rbenv/versions/2.5.3/openssl/lib    -L/usr/lib/x86_64-linux-gnu -lmysqlclient -lz  -lzstd -lssl -lcrypto -lresolv -lm  -Wl,-rpath,/home/agus/.rbenv/versions/2.5.3/lib -L/home/agus/.rbenv/versions/2.5.3/lib -lruby -Werror -Wno-missing-variable-declarations -lpthread -ldl -lcrypt -lm   -lc"
checked program was:
/* begin */
1: #include "ruby.h"
2: 
3: int main() {return 0;}
/* end */

"gcc -o conftest -I/home/agus/.rbenv/versions/2.5.3/include/ruby-2.5.0/x86_64-linux -I/home/agus/.rbenv/versions/2.5.3/include/ruby-2.5.0/ruby/backward -I/home/agus/.rbenv/versions/2.5.3/include/ruby-2.5.0 -I. -I/usr/include/mysql -I/home/agus/.rbenv/versions/2.5.3/openssl/include    -O3 -ggdb3 -Wall -Wextra -Wno-unused-parameter -Wno-parentheses -Wno-long-long -Wno-missing-field-initializers -Wno-tautological-compare -Wno-parentheses-equality -Wno-constant-logical-operand -Wno-self-assign -Wunused-variable -Wimplicit-int -Wpointer-arith -Wwrite-strings -Wdeclaration-after-statement -Wimplicit-function-declaration -Wdeprecated-declarations -Wmisleading-indentation -Wno-packed-bitfield-compat -Wsuggest-attribute=noreturn -Wsuggest-attribute=format -Wimplicit-fallthrough=0 -Wduplicated-cond -Wrestrict  -fPIC -DFULL_SSL_MODE_SUPPORT conftest.c  -L. -L/home/agus/.rbenv/versions/2.5.3/lib -Wl,-rpath,/home/agus/.rbenv/versions/2.5.3/lib -L/home/agus/.rbenv/versions/2.5.3/openssl/lib -Wl,-rpath,/home/agus/.rbenv/versions/2.5.3/openssl/lib -L. -fstack-protector -rdynamic -Wl,-export-dynamic -L/home/agus/.rbenv/versions/2.5.3/openssl/lib    -L/usr/lib/x86_64-linux-gnu -lmysqlclient -lz  -lzstd -lssl -lcrypto -lresolv -lm  -Wl,-rpath,/home/agus/.rbenv/versions/2.5.3/lib -L/home/agus/.rbenv/versions/2.5.3/lib -lruby -Werror -Wno-padded -lpthread -ldl -lcrypt -lm   -lc"
checked program was:
/* begin */
1: #include "ruby.h"
2: 
3: int main() {return 0;}
/* end */

"gcc -o conftest -I/home/agus/.rbenv/versions/2.5.3/include/ruby-2.5.0/x86_64-linux -I/home/agus/.rbenv/versions/2.5.3/include/ruby-2.5.0/ruby/backward -I/home/agus/.rbenv/versions/2.5.3/include/ruby-2.5.0 -I. -I/usr/include/mysql -I/home/agus/.rbenv/versions/2.5.3/openssl/include    -O3 -ggdb3 -Wall -Wextra -Wno-unused-parameter -Wno-parentheses -Wno-long-long -Wno-missing-field-initializers -Wno-tautological-compare -Wno-parentheses-equality -Wno-constant-logical-operand -Wno-self-assign -Wunused-variable -Wimplicit-int -Wpointer-arith -Wwrite-strings -Wdeclaration-after-statement -Wimplicit-function-declaration -Wdeprecated-declarations -Wmisleading-indentation -Wno-packed-bitfield-compat -Wsuggest-attribute=noreturn -Wsuggest-attribute=format -Wimplicit-fallthrough=0 -Wduplicated-cond -Wrestrict  -fPIC -DFULL_SSL_MODE_SUPPORT conftest.c  -L. -L/home/agus/.rbenv/versions/2.5.3/lib -Wl,-rpath,/home/agus/.rbenv/versions/2.5.3/lib -L/home/agus/.rbenv/versions/2.5.3/openssl/lib -Wl,-rpath,/home/agus/.rbenv/versions/2.5.3/openssl/lib -L. -fstack-protector -rdynamic -Wl,-export-dynamic -L/home/agus/.rbenv/versions/2.5.3/openssl/lib    -L/usr/lib/x86_64-linux-gnu -lmysqlclient -lz  -lzstd -lssl -lcrypto -lresolv -lm  -Wl,-rpath,/home/agus/.rbenv/versions/2.5.3/lib -L/home/agus/.rbenv/versions/2.5.3/lib -lruby -Werror -Wno-reserved-id-macro -lpthread -ldl -lcrypt -lm   -lc"
checked program was:
/* begin */
1: #include "ruby.h"
2: 
3: int main() {return 0;}
/* end */

"gcc -o conftest -I/home/agus/.rbenv/versions/2.5.3/include/ruby-2.5.0/x86_64-linux -I/home/agus/.rbenv/versions/2.5.3/include/ruby-2.5.0/ruby/backward -I/home/agus/.rbenv/versions/2.5.3/include/ruby-2.5.0 -I. -I/usr/include/mysql -I/home/agus/.rbenv/versions/2.5.3/openssl/include    -O3 -ggdb3 -Wall -Wextra -Wno-unused-parameter -Wno-parentheses -Wno-long-long -Wno-missing-field-initializers -Wno-tautological-compare -Wno-parentheses-equality -Wno-constant-logical-operand -Wno-self-assign -Wunused-variable -Wimplicit-int -Wpointer-arith -Wwrite-strings -Wdeclaration-after-statement -Wimplicit-function-declaration -Wdeprecated-declarations -Wmisleading-indentation -Wno-packed-bitfield-compat -Wsuggest-attribute=noreturn -Wsuggest-attribute=format -Wimplicit-fallthrough=0 -Wduplicated-cond -Wrestrict  -fPIC -DFULL_SSL_MODE_SUPPORT conftest.c  -L. -L/home/agus/.rbenv/versions/2.5.3/lib -Wl,-rpath,/home/agus/.rbenv/versions/2.5.3/lib -L/home/agus/.rbenv/versions/2.5.3/openssl/lib -Wl,-rpath,/home/agus/.rbenv/versions/2.5.3/openssl/lib -L. -fstack-protector -rdynamic -Wl,-export-dynamic -L/home/agus/.rbenv/versions/2.5.3/openssl/lib    -L/usr/lib/x86_64-linux-gnu -lmysqlclient -lz  -lzstd -lssl -lcrypto -lresolv -lm  -Wl,-rpath,/home/agus/.rbenv/versions/2.5.3/lib -L/home/agus/.rbenv/versions/2.5.3/lib -lruby -Werror -Wno-sign-conversion -lpthread -ldl -lcrypt -lm   -lc"
checked program was:
/* begin */
1: #include "ruby.h"
2: 
3: int main() {return 0;}
/* end */

"gcc -o conftest -I/home/agus/.rbenv/versions/2.5.3/include/ruby-2.5.0/x86_64-linux -I/home/agus/.rbenv/versions/2.5.3/include/ruby-2.5.0/ruby/backward -I/home/agus/.rbenv/versions/2.5.3/include/ruby-2.5.0 -I. -I/usr/include/mysql -I/home/agus/.rbenv/versions/2.5.3/openssl/include    -O3 -ggdb3 -Wall -Wextra -Wno-unused-parameter -Wno-parentheses -Wno-long-long -Wno-missing-field-initializers -Wno-tautological-compare -Wno-parentheses-equality -Wno-constant-logical-operand -Wno-self-assign -Wunused-variable -Wimplicit-int -Wpointer-arith -Wwrite-strings -Wdeclaration-after-statement -Wimplicit-function-declaration -Wdeprecated-declarations -Wmisleading-indentation -Wno-packed-bitfield-compat -Wsuggest-attribute=noreturn -Wsuggest-attribute=format -Wimplicit-fallthrough=0 -Wduplicated-cond -Wrestrict  -fPIC -DFULL_SSL_MODE_SUPPORT conftest.c  -L. -L/home/agus/.rbenv/versions/2.5.3/lib -Wl,-rpath,/home/agus/.rbenv/versions/2.5.3/lib -L/home/agus/.rbenv/versions/2.5.3/openssl/lib -Wl,-rpath,/home/agus/.rbenv/versions/2.5.3/openssl/lib -L. -fstack-protector -rdynamic -Wl,-export-dynamic -L/home/agus/.rbenv/versions/2.5.3/openssl/lib    -L/usr/lib/x86_64-linux-gnu -lmysqlclient -lz  -lzstd -lssl -lcrypto -lresolv -lm  -Wl,-rpath,/home/agus/.rbenv/versions/2.5.3/lib -L/home/agus/.rbenv/versions/2.5.3/lib -lruby -Werror -Wno-static-in-inline -lpthread -ldl -lcrypt -lm   -lc"
checked program was:
/* begin */
1: #include "ruby.h"
2: 
3: int main() {return 0;}
/* end */

"gcc -o conftest -I/home/agus/.rbenv/versions/2.5.3/include/ruby-2.5.0/x86_64-linux -I/home/agus/.rbenv/versions/2.5.3/include/ruby-2.5.0/ruby/backward -I/home/agus/.rbenv/versions/2.5.3/include/ruby-2.5.0 -I. -I/usr/include/mysql -I/home/agus/.rbenv/versions/2.5.3/openssl/include    -O3 -ggdb3 -Wall -Wextra -Wno-unused-parameter -Wno-parentheses -Wno-long-long -Wno-missing-field-initializers -Wno-tautological-compare -Wno-parentheses-equality -Wno-constant-logical-operand -Wno-self-assign -Wunused-variable -Wimplicit-int -Wpointer-arith -Wwrite-strings -Wdeclaration-after-statement -Wimplicit-function-declaration -Wdeprecated-declarations -Wmisleading-indentation -Wno-packed-bitfield-compat -Wsuggest-attribute=noreturn -Wsuggest-attribute=format -Wimplicit-fallthrough=0 -Wduplicated-cond -Wrestrict  -fPIC -DFULL_SSL_MODE_SUPPORT conftest.c  -L. -L/home/agus/.rbenv/versions/2.5.3/lib -Wl,-rpath,/home/agus/.rbenv/versions/2.5.3/lib -L/home/agus/.rbenv/versions/2.5.3/openssl/lib -Wl,-rpath,/home/agus/.rbenv/versions/2.5.3/openssl/lib -L. -fstack-protector -rdynamic -Wl,-export-dynamic -L/home/agus/.rbenv/versions/2.5.3/openssl/lib    -L/usr/lib/x86_64-linux-gnu -lmysqlclient -lz  -lzstd -lssl -lcrypto -lresolv -lm  -Wl,-rpath,/home/agus/.rbenv/versions/2.5.3/lib -L/home/agus/.rbenv/versions/2.5.3/lib -lruby -Werror -Wno-switch-enum -lpthread -ldl -lcrypt -lm   -lc"
checked program was:
/* begin */
1: #include "ruby.h"
2: 
3: int main() {return 0;}
/* end */

"gcc -o conftest -I/home/agus/.rbenv/versions/2.5.3/include/ruby-2.5.0/x86_64-linux -I/home/agus/.rbenv/versions/2.5.3/include/ruby-2.5.0/ruby/backward -I/home/agus/.rbenv/versions/2.5.3/include/ruby-2.5.0 -I. -I/usr/include/mysql -I/home/agus/.rbenv/versions/2.5.3/openssl/include    -O3 -ggdb3 -Wall -Wextra -Wno-unused-parameter -Wno-parentheses -Wno-long-long -Wno-missing-field-initializers -Wno-tautological-compare -Wno-parentheses-equality -Wno-constant-logical-operand -Wno-self-assign -Wunused-variable -Wimplicit-int -Wpointer-arith -Wwrite-strings -Wdeclaration-after-statement -Wimplicit-function-declaration -Wdeprecated-declarations -Wmisleading-indentation -Wno-packed-bitfield-compat -Wsuggest-attribute=noreturn -Wsuggest-attribute=format -Wimplicit-fallthrough=0 -Wduplicated-cond -Wrestrict  -fPIC -DFULL_SSL_MODE_SUPPORT conftest.c  -L. -L/home/agus/.rbenv/versions/2.5.3/lib -Wl,-rpath,/home/agus/.rbenv/versions/2.5.3/lib -L/home/agus/.rbenv/versions/2.5.3/openssl/lib -Wl,-rpath,/home/agus/.rbenv/versions/2.5.3/openssl/lib -L. -fstack-protector -rdynamic -Wl,-export-dynamic -L/home/agus/.rbenv/versions/2.5.3/openssl/lib    -L/usr/lib/x86_64-linux-gnu -lmysqlclient -lz  -lzstd -lssl -lcrypto -lresolv -lm  -Wl,-rpath,/home/agus/.rbenv/versions/2.5.3/lib -L/home/agus/.rbenv/versions/2.5.3/lib -lruby -Werror -Wno-undef -lpthread -ldl -lcrypt -lm   -lc"
checked program was:
/* begin */
1: #include "ruby.h"
2: 
3: int main() {return 0;}
/* end */

"gcc -o conftest -I/home/agus/.rbenv/versions/2.5.3/include/ruby-2.5.0/x86_64-linux -I/home/agus/.rbenv/versions/2.5.3/include/ruby-2.5.0/ruby/backward -I/home/agus/.rbenv/versions/2.5.3/include/ruby-2.5.0 -I. -I/usr/include/mysql -I/home/agus/.rbenv/versions/2.5.3/openssl/include    -O3 -ggdb3 -Wall -Wextra -Wno-unused-parameter -Wno-parentheses -Wno-long-long -Wno-missing-field-initializers -Wno-tautological-compare -Wno-parentheses-equality -Wno-constant-logical-operand -Wno-self-assign -Wunused-variable -Wimplicit-int -Wpointer-arith -Wwrite-strings -Wdeclaration-after-statement -Wimplicit-function-declaration -Wdeprecated-declarations -Wmisleading-indentation -Wno-packed-bitfield-compat -Wsuggest-attribute=noreturn -Wsuggest-attribute=format -Wimplicit-fallthrough=0 -Wduplicated-cond -Wrestrict  -fPIC -DFULL_SSL_MODE_SUPPORT conftest.c  -L. -L/home/agus/.rbenv/versions/2.5.3/lib -Wl,-rpath,/home/agus/.rbenv/versions/2.5.3/lib -L/home/agus/.rbenv/versions/2.5.3/openssl/lib -Wl,-rpath,/home/agus/.rbenv/versions/2.5.3/openssl/lib -L. -fstack-protector -rdynamic -Wl,-export-dynamic -L/home/agus/.rbenv/versions/2.5.3/openssl/lib    -L/usr/lib/x86_64-linux-gnu -lmysqlclient -lz  -lzstd -lssl -lcrypto -lresolv -lm  -Wl,-rpath,/home/agus/.rbenv/versions/2.5.3/lib -L/home/agus/.rbenv/versions/2.5.3/lib -lruby -Werror -Wno-unreachable-code -lpthread -ldl -lcrypt -lm   -lc"
checked program was:
/* begin */
1: #include "ruby.h"
2: 
3: int main() {return 0;}
/* end */

"gcc -o conftest -I/home/agus/.rbenv/versions/2.5.3/include/ruby-2.5.0/x86_64-linux -I/home/agus/.rbenv/versions/2.5.3/include/ruby-2.5.0/ruby/backward -I/home/agus/.rbenv/versions/2.5.3/include/ruby-2.5.0 -I. -I/usr/include/mysql -I/home/agus/.rbenv/versions/2.5.3/openssl/include    -O3 -ggdb3 -Wall -Wextra -Wno-unused-parameter -Wno-parentheses -Wno-long-long -Wno-missing-field-initializers -Wno-tautological-compare -Wno-parentheses-equality -Wno-constant-logical-operand -Wno-self-assign -Wunused-variable -Wimplicit-int -Wpointer-arith -Wwrite-strings -Wdeclaration-after-statement -Wimplicit-function-declaration -Wdeprecated-declarations -Wmisleading-indentation -Wno-packed-bitfield-compat -Wsuggest-attribute=noreturn -Wsuggest-attribute=format -Wimplicit-fallthrough=0 -Wduplicated-cond -Wrestrict  -fPIC -DFULL_SSL_MODE_SUPPORT conftest.c  -L. -L/home/agus/.rbenv/versions/2.5.3/lib -Wl,-rpath,/home/agus/.rbenv/versions/2.5.3/lib -L/home/agus/.rbenv/versions/2.5.3/openssl/lib -Wl,-rpath,/home/agus/.rbenv/versions/2.5.3/openssl/lib -L. -fstack-protector -rdynamic -Wl,-export-dynamic -L/home/agus/.rbenv/versions/2.5.3/openssl/lib    -L/usr/lib/x86_64-linux-gnu -lmysqlclient -lz  -lzstd -lssl -lcrypto -lresolv -lm  -Wl,-rpath,/home/agus/.rbenv/versions/2.5.3/lib -L/home/agus/.rbenv/versions/2.5.3/lib -lruby -Werror -Wno-used-but-marked-unused -lpthread -ldl -lcrypt -lm   -lc"
checked program was:
/* begin */
1: #include "ruby.h"
2: 
3: int main() {return 0;}
/* end */

